{"C:\\Users\\niico\\Desktop\\API_REST_NodeJS\\app.js": {"path":"C:\\Users\\niico\\Desktop\\API_REST_NodeJS\\app.js","statementMap":{"0":{"start":{"line":1,"column":0},"end":{"line":1,"column":27}},"1":{"start":{"line":3,"column":16},"end":{"line":3,"column":34}},"2":{"start":{"line":4,"column":13},"end":{"line":4,"column":28}},"3":{"start":{"line":5,"column":18},"end":{"line":5,"column":47}},"4":{"start":{"line":6,"column":23},"end":{"line":6,"column":48}},"5":{"start":{"line":7,"column":27},"end":{"line":7,"column":52}},"6":{"start":{"line":8,"column":29},"end":{"line":8,"column":54}},"7":{"start":{"line":10,"column":18},"end":{"line":10,"column":39}},"8":{"start":{"line":11,"column":17},"end":{"line":11,"column":54}},"9":{"start":{"line":12,"column":13},"end":{"line":12,"column":37}},"10":{"start":{"line":13,"column":12},"end":{"line":13,"column":21}},"11":{"start":{"line":14,"column":0},"end":{"line":14,"column":16}},"12":{"start":{"line":19,"column":0},"end":{"line":19,"column":24}},"13":{"start":{"line":24,"column":0},"end":{"line":24,"column":35}},"14":{"start":{"line":31,"column":0},"end":{"line":35,"column":2}},"15":{"start":{"line":41,"column":0},"end":{"line":41,"column":37}},"16":{"start":{"line":47,"column":0},"end":{"line":51,"column":1}},"17":{"start":{"line":48,"column":2},"end":{"line":50,"column":5}},"18":{"start":{"line":49,"column":4},"end":{"line":49,"column":67}},"19":{"start":{"line":56,"column":0},"end":{"line":56,"column":60}},"20":{"start":{"line":58,"column":0},"end":{"line":58,"column":21}}},"fnMap":{"0":{"name":"(anonymous_0)","decl":{"start":{"line":48,"column":19},"end":{"line":48,"column":20}},"loc":{"start":{"line":48,"column":25},"end":{"line":50,"column":3}},"line":48}},"branchMap":{"0":{"loc":{"start":{"line":11,"column":17},"end":{"line":11,"column":54}},"type":"binary-expr","locations":[{"start":{"line":11,"column":17},"end":{"line":11,"column":37}},{"start":{"line":11,"column":41},"end":{"line":11,"column":54}}],"line":11},"1":{"loc":{"start":{"line":12,"column":13},"end":{"line":12,"column":37}},"type":"binary-expr","locations":[{"start":{"line":12,"column":13},"end":{"line":12,"column":29}},{"start":{"line":12,"column":33},"end":{"line":12,"column":37}}],"line":12},"2":{"loc":{"start":{"line":47,"column":0},"end":{"line":51,"column":1}},"type":"if","locations":[{"start":{"line":47,"column":0},"end":{"line":51,"column":1}},{"start":{},"end":{}}],"line":47},"3":{"loc":{"start":{"line":56,"column":0},"end":{"line":56,"column":59}},"type":"cond-expr","locations":[{"start":{"line":56,"column":24},"end":{"line":56,"column":40}},{"start":{"line":56,"column":43},"end":{"line":56,"column":59}}],"line":56}},"s":{"0":2,"1":2,"2":2,"3":2,"4":2,"5":2,"6":2,"7":2,"8":2,"9":2,"10":2,"11":2,"12":2,"13":2,"14":2,"15":2,"16":2,"17":0,"18":0,"19":2,"20":2},"f":{"0":0},"b":{"0":[2,0],"1":[2,0],"2":[0,2],"3":[2,0]},"_coverageSchema":"1a1c01bbd47fc00a2c39e90264f33305004495a9","hash":"cc360368459198aa78a30c9bf69d185a4bb3d736"}
,"C:\\Users\\niico\\Desktop\\API_REST_NodeJS\\config\\mongo.js": {"path":"C:\\Users\\niico\\Desktop\\API_REST_NodeJS\\config\\mongo.js","statementMap":{"0":{"start":{"line":1,"column":17},"end":{"line":1,"column":36}},"1":{"start":{"line":9,"column":23},"end":{"line":18,"column":1}},"2":{"start":{"line":11,"column":17},"end":{"line":11,"column":35}},"3":{"start":{"line":12,"column":2},"end":{"line":17,"column":3}},"4":{"start":{"line":13,"column":4},"end":{"line":13,"column":35}},"5":{"start":{"line":14,"column":4},"end":{"line":14,"column":60}},"6":{"start":{"line":16,"column":4},"end":{"line":16,"column":62}},"7":{"start":{"line":20,"column":0},"end":{"line":20,"column":32}}},"fnMap":{"0":{"name":"(anonymous_0)","decl":{"start":{"line":9,"column":23},"end":{"line":9,"column":24}},"loc":{"start":{"line":9,"column":35},"end":{"line":18,"column":1}},"line":9}},"branchMap":{},"s":{"0":2,"1":2,"2":2,"3":2,"4":2,"5":2,"6":0,"7":2},"f":{"0":2},"b":{},"_coverageSchema":"1a1c01bbd47fc00a2c39e90264f33305004495a9","hash":"9d38e8e95b85c83a41799f5f332018e87060f4c6"}
,"C:\\Users\\niico\\Desktop\\API_REST_NodeJS\\config\\mysql.js": {"path":"C:\\Users\\niico\\Desktop\\API_REST_NodeJS\\config\\mysql.js","statementMap":{"0":{"start":{"line":1,"column":22},"end":{"line":1,"column":42}},"1":{"start":{"line":3,"column":17},"end":{"line":3,"column":43}},"2":{"start":{"line":4,"column":17},"end":{"line":4,"column":43}},"3":{"start":{"line":5,"column":17},"end":{"line":5,"column":43}},"4":{"start":{"line":6,"column":13},"end":{"line":6,"column":35}},"5":{"start":{"line":11,"column":18},"end":{"line":14,"column":2}},"6":{"start":{"line":19,"column":23},"end":{"line":26,"column":1}},"7":{"start":{"line":20,"column":2},"end":{"line":25,"column":3}},"8":{"start":{"line":21,"column":4},"end":{"line":21,"column":35}},"9":{"start":{"line":22,"column":4},"end":{"line":22,"column":60}},"10":{"start":{"line":24,"column":4},"end":{"line":24,"column":62}},"11":{"start":{"line":28,"column":0},"end":{"line":28,"column":47}}},"fnMap":{"0":{"name":"(anonymous_0)","decl":{"start":{"line":19,"column":23},"end":{"line":19,"column":24}},"loc":{"start":{"line":19,"column":35},"end":{"line":26,"column":1}},"line":19}},"branchMap":{},"s":{"0":2,"1":2,"2":2,"3":2,"4":2,"5":2,"6":2,"7":0,"8":0,"9":0,"10":0,"11":2},"f":{"0":0},"b":{},"_coverageSchema":"1a1c01bbd47fc00a2c39e90264f33305004495a9","hash":"61b9eba9bc0f0016c4c55404f2434846130aba4d"}
,"C:\\Users\\niico\\Desktop\\API_REST_NodeJS\\controllers\\storage.js": {"path":"C:\\Users\\niico\\Desktop\\API_REST_NodeJS\\controllers\\storage.js","statementMap":{"0":{"start":{"line":1,"column":11},"end":{"line":1,"column":24}},"1":{"start":{"line":2,"column":25},"end":{"line":2,"column":51}},"2":{"start":{"line":3,"column":28},"end":{"line":3,"column":60}},"3":{"start":{"line":4,"column":24},"end":{"line":4,"column":52}},"4":{"start":{"line":5,"column":19},"end":{"line":5,"column":41}},"5":{"start":{"line":6,"column":19},"end":{"line":6,"column":44}},"6":{"start":{"line":13,"column":16},"end":{"line":21,"column":1}},"7":{"start":{"line":14,"column":2},"end":{"line":20,"column":3}},"8":{"start":{"line":15,"column":19},"end":{"line":15,"column":29}},"9":{"start":{"line":16,"column":17},"end":{"line":16,"column":49}},"10":{"start":{"line":17,"column":4},"end":{"line":17,"column":23}},"11":{"start":{"line":19,"column":4},"end":{"line":19,"column":55}},"12":{"start":{"line":28,"column":17},"end":{"line":35,"column":1}},"13":{"start":{"line":29,"column":2},"end":{"line":34,"column":3}},"14":{"start":{"line":30,"column":18},"end":{"line":30,"column":45}},"15":{"start":{"line":31,"column":4},"end":{"line":31,"column":24}},"16":{"start":{"line":33,"column":4},"end":{"line":33,"column":56}},"17":{"start":{"line":45,"column":19},"end":{"line":57,"column":1}},"18":{"start":{"line":46,"column":2},"end":{"line":56,"column":3}},"19":{"start":{"line":47,"column":21},"end":{"line":47,"column":24}},"20":{"start":{"line":48,"column":21},"end":{"line":51,"column":5}},"21":{"start":{"line":52,"column":17},"end":{"line":52,"column":52}},"22":{"start":{"line":53,"column":4},"end":{"line":53,"column":29}},"23":{"start":{"line":55,"column":4},"end":{"line":55,"column":58}},"24":{"start":{"line":68,"column":19},"end":{"line":85,"column":1}},"25":{"start":{"line":69,"column":2},"end":{"line":84,"column":3}},"26":{"start":{"line":70,"column":19},"end":{"line":70,"column":35}},"27":{"start":{"line":71,"column":21},"end":{"line":71,"column":53}},"28":{"start":{"line":72,"column":4},"end":{"line":72,"column":45}},"29":{"start":{"line":73,"column":25},"end":{"line":73,"column":33}},"30":{"start":{"line":74,"column":21},"end":{"line":74,"column":48}},"31":{"start":{"line":75,"column":4},"end":{"line":75,"column":28}},"32":{"start":{"line":76,"column":17},"end":{"line":79,"column":5}},"33":{"start":{"line":80,"column":4},"end":{"line":80,"column":23}},"34":{"start":{"line":82,"column":4},"end":{"line":82,"column":22}},"35":{"start":{"line":83,"column":4},"end":{"line":83,"column":58}},"36":{"start":{"line":87,"column":0},"end":{"line":87,"column":63}}},"fnMap":{"0":{"name":"(anonymous_0)","decl":{"start":{"line":13,"column":16},"end":{"line":13,"column":17}},"loc":{"start":{"line":13,"column":36},"end":{"line":21,"column":1}},"line":13},"1":{"name":"(anonymous_1)","decl":{"start":{"line":28,"column":17},"end":{"line":28,"column":18}},"loc":{"start":{"line":28,"column":37},"end":{"line":35,"column":1}},"line":28},"2":{"name":"(anonymous_2)","decl":{"start":{"line":45,"column":19},"end":{"line":45,"column":20}},"loc":{"start":{"line":45,"column":39},"end":{"line":57,"column":1}},"line":45},"3":{"name":"(anonymous_3)","decl":{"start":{"line":68,"column":19},"end":{"line":68,"column":20}},"loc":{"start":{"line":68,"column":39},"end":{"line":85,"column":1}},"line":68}},"branchMap":{},"s":{"0":2,"1":2,"2":2,"3":2,"4":2,"5":2,"6":2,"7":1,"8":1,"9":1,"10":1,"11":0,"12":2,"13":1,"14":1,"15":1,"16":0,"17":2,"18":1,"19":1,"20":1,"21":1,"22":1,"23":0,"24":2,"25":1,"26":1,"27":1,"28":1,"29":1,"30":0,"31":0,"32":0,"33":0,"34":1,"35":1,"36":2},"f":{"0":1,"1":1,"2":1,"3":1},"b":{},"_coverageSchema":"1a1c01bbd47fc00a2c39e90264f33305004495a9","hash":"665d415beb04f4966385d1f6a31ef0e180ef7bc1"}
,"C:\\Users\\niico\\Desktop\\API_REST_NodeJS\\controllers\\tracks.js": {"path":"C:\\Users\\niico\\Desktop\\API_REST_NodeJS\\controllers\\tracks.js","statementMap":{"0":{"start":{"line":1,"column":24},"end":{"line":1,"column":52}},"1":{"start":{"line":2,"column":24},"end":{"line":2,"column":44}},"2":{"start":{"line":3,"column":28},"end":{"line":3,"column":60}},"3":{"start":{"line":4,"column":25},"end":{"line":4,"column":67}},"4":{"start":{"line":5,"column":22},"end":{"line":5,"column":40}},"5":{"start":{"line":13,"column":16},"end":{"line":21,"column":1}},"6":{"start":{"line":14,"column":2},"end":{"line":20,"column":3}},"7":{"start":{"line":15,"column":15},"end":{"line":15,"column":28}},"8":{"start":{"line":16,"column":17},"end":{"line":16,"column":50}},"9":{"start":{"line":17,"column":4},"end":{"line":17,"column":23}},"10":{"start":{"line":19,"column":4},"end":{"line":19,"column":54}},"11":{"start":{"line":28,"column":17},"end":{"line":35,"column":1}},"12":{"start":{"line":29,"column":2},"end":{"line":34,"column":3}},"13":{"start":{"line":30,"column":17},"end":{"line":30,"column":48}},"14":{"start":{"line":31,"column":4},"end":{"line":31,"column":23}},"15":{"start":{"line":33,"column":4},"end":{"line":33,"column":55}},"16":{"start":{"line":44,"column":20},"end":{"line":52,"column":1}},"17":{"start":{"line":45,"column":2},"end":{"line":51,"column":3}},"18":{"start":{"line":46,"column":17},"end":{"line":46,"column":33}},"19":{"start":{"line":47,"column":17},"end":{"line":47,"column":47}},"20":{"start":{"line":48,"column":4},"end":{"line":48,"column":23}},"21":{"start":{"line":50,"column":4},"end":{"line":50,"column":58}},"22":{"start":{"line":61,"column":20},"end":{"line":69,"column":1}},"23":{"start":{"line":62,"column":2},"end":{"line":68,"column":3}},"24":{"start":{"line":63,"column":17},"end":{"line":63,"column":33}},"25":{"start":{"line":64,"column":17},"end":{"line":64,"column":99}},"26":{"start":{"line":65,"column":4},"end":{"line":65,"column":23}},"27":{"start":{"line":67,"column":4},"end":{"line":67,"column":58}},"28":{"start":{"line":76,"column":20},"end":{"line":84,"column":1}},"29":{"start":{"line":77,"column":2},"end":{"line":83,"column":3}},"30":{"start":{"line":78,"column":15},"end":{"line":78,"column":28}},"31":{"start":{"line":79,"column":17},"end":{"line":79,"column":69}},"32":{"start":{"line":80,"column":4},"end":{"line":80,"column":23}},"33":{"start":{"line":82,"column":4},"end":{"line":82,"column":57}},"34":{"start":{"line":86,"column":0},"end":{"line":86,"column":78}}},"fnMap":{"0":{"name":"(anonymous_0)","decl":{"start":{"line":13,"column":16},"end":{"line":13,"column":17}},"loc":{"start":{"line":13,"column":36},"end":{"line":21,"column":1}},"line":13},"1":{"name":"(anonymous_1)","decl":{"start":{"line":28,"column":17},"end":{"line":28,"column":18}},"loc":{"start":{"line":28,"column":37},"end":{"line":35,"column":1}},"line":28},"2":{"name":"(anonymous_2)","decl":{"start":{"line":44,"column":20},"end":{"line":44,"column":21}},"loc":{"start":{"line":44,"column":40},"end":{"line":52,"column":1}},"line":44},"3":{"name":"(anonymous_3)","decl":{"start":{"line":61,"column":20},"end":{"line":61,"column":21}},"loc":{"start":{"line":61,"column":40},"end":{"line":69,"column":1}},"line":61},"4":{"name":"(anonymous_4)","decl":{"start":{"line":76,"column":20},"end":{"line":76,"column":21}},"loc":{"start":{"line":76,"column":40},"end":{"line":84,"column":1}},"line":76}},"branchMap":{},"s":{"0":2,"1":2,"2":2,"3":2,"4":2,"5":2,"6":0,"7":0,"8":0,"9":0,"10":0,"11":2,"12":0,"13":0,"14":0,"15":0,"16":2,"17":0,"18":0,"19":0,"20":0,"21":0,"22":2,"23":0,"24":0,"25":0,"26":0,"27":0,"28":2,"29":0,"30":0,"31":0,"32":0,"33":0,"34":2},"f":{"0":0,"1":0,"2":0,"3":0,"4":0},"b":{},"_coverageSchema":"1a1c01bbd47fc00a2c39e90264f33305004495a9","hash":"7fcc74cb550edea752c98434cf1766f11a5da2e6"}
,"C:\\Users\\niico\\Desktop\\API_REST_NodeJS\\controllers\\users.js": {"path":"C:\\Users\\niico\\Desktop\\API_REST_NodeJS\\controllers\\users.js","statementMap":{"0":{"start":{"line":1,"column":24},"end":{"line":1,"column":52}},"1":{"start":{"line":2,"column":45},"end":{"line":2,"column":79}},"2":{"start":{"line":3,"column":28},"end":{"line":3,"column":60}},"3":{"start":{"line":4,"column":22},"end":{"line":4,"column":51}},"4":{"start":{"line":5,"column":23},"end":{"line":5,"column":43}},"5":{"start":{"line":15,"column":21},"end":{"line":25,"column":1}},"6":{"start":{"line":16,"column":2},"end":{"line":24,"column":3}},"7":{"start":{"line":17,"column":4},"end":{"line":17,"column":27}},"8":{"start":{"line":18,"column":27},"end":{"line":18,"column":62}},"9":{"start":{"line":19,"column":17},"end":{"line":19,"column":53}},"10":{"start":{"line":20,"column":21},"end":{"line":20,"column":50}},"11":{"start":{"line":21,"column":4},"end":{"line":21,"column":27}},"12":{"start":{"line":23,"column":4},"end":{"line":23,"column":58}},"13":{"start":{"line":34,"column":18},"end":{"line":56,"column":1}},"14":{"start":{"line":35,"column":2},"end":{"line":55,"column":3}},"15":{"start":{"line":36,"column":4},"end":{"line":36,"column":27}},"16":{"start":{"line":37,"column":17},"end":{"line":37,"column":61}},"17":{"start":{"line":38,"column":4},"end":{"line":41,"column":5}},"18":{"start":{"line":39,"column":6},"end":{"line":39,"column":56}},"19":{"start":{"line":40,"column":6},"end":{"line":40,"column":13}},"20":{"start":{"line":42,"column":27},"end":{"line":42,"column":40}},"21":{"start":{"line":43,"column":28},"end":{"line":43,"column":79}},"22":{"start":{"line":44,"column":4},"end":{"line":47,"column":5}},"23":{"start":{"line":45,"column":6},"end":{"line":45,"column":60}},"24":{"start":{"line":46,"column":6},"end":{"line":46,"column":13}},"25":{"start":{"line":48,"column":17},"end":{"line":51,"column":5}},"26":{"start":{"line":52,"column":4},"end":{"line":52,"column":23}},"27":{"start":{"line":54,"column":4},"end":{"line":54,"column":55}},"28":{"start":{"line":58,"column":0},"end":{"line":58,"column":45}}},"fnMap":{"0":{"name":"(anonymous_0)","decl":{"start":{"line":15,"column":21},"end":{"line":15,"column":22}},"loc":{"start":{"line":15,"column":41},"end":{"line":25,"column":1}},"line":15},"1":{"name":"(anonymous_1)","decl":{"start":{"line":34,"column":18},"end":{"line":34,"column":19}},"loc":{"start":{"line":34,"column":38},"end":{"line":56,"column":1}},"line":34}},"branchMap":{"0":{"loc":{"start":{"line":38,"column":4},"end":{"line":41,"column":5}},"type":"if","locations":[{"start":{"line":38,"column":4},"end":{"line":41,"column":5}},{"start":{},"end":{}}],"line":38},"1":{"loc":{"start":{"line":44,"column":4},"end":{"line":47,"column":5}},"type":"if","locations":[{"start":{"line":44,"column":4},"end":{"line":47,"column":5}},{"start":{},"end":{}}],"line":44}},"s":{"0":2,"1":2,"2":2,"3":2,"4":2,"5":2,"6":1,"7":1,"8":1,"9":1,"10":1,"11":1,"12":0,"13":2,"14":1,"15":1,"16":1,"17":1,"18":1,"19":1,"20":0,"21":0,"22":0,"23":0,"24":0,"25":0,"26":0,"27":0,"28":2},"f":{"0":1,"1":1},"b":{"0":[1,0],"1":[0,0]},"_coverageSchema":"1a1c01bbd47fc00a2c39e90264f33305004495a9","hash":"726d439403d6667a237492e9cf81d35f9ba37a8d"}
,"C:\\Users\\niico\\Desktop\\API_REST_NodeJS\\docs\\swagger.js": {"path":"C:\\Users\\niico\\Desktop\\API_REST_NodeJS\\docs\\swagger.js","statementMap":{"0":{"start":{"line":1,"column":21},"end":{"line":1,"column":45}},"1":{"start":{"line":11,"column":26},"end":{"line":149,"column":1}},"2":{"start":{"line":156,"column":16},"end":{"line":159,"column":1}},"3":{"start":{"line":161,"column":29},"end":{"line":161,"column":50}},"4":{"start":{"line":163,"column":0},"end":{"line":163,"column":38}}},"fnMap":{},"branchMap":{},"s":{"0":2,"1":2,"2":2,"3":2,"4":2},"f":{},"b":{},"_coverageSchema":"1a1c01bbd47fc00a2c39e90264f33305004495a9","hash":"979fe8a869245f6fd20ff5a7c72095b97f8795a7"}
,"C:\\Users\\niico\\Desktop\\API_REST_NodeJS\\middleware\\rolMiddleware.js": {"path":"C:\\Users\\niico\\Desktop\\API_REST_NodeJS\\middleware\\rolMiddleware.js","statementMap":{"0":{"start":{"line":1,"column":28},"end":{"line":1,"column":60}},"1":{"start":{"line":8,"column":27},"end":{"line":21,"column":1}},"2":{"start":{"line":8,"column":38},"end":{"line":21,"column":1}},"3":{"start":{"line":9,"column":2},"end":{"line":20,"column":3}},"4":{"start":{"line":10,"column":21},"end":{"line":10,"column":24}},"5":{"start":{"line":11,"column":21},"end":{"line":11,"column":30}},"6":{"start":{"line":12,"column":26},"end":{"line":12,"column":85}},"7":{"start":{"line":12,"column":54},"end":{"line":12,"column":84}},"8":{"start":{"line":13,"column":4},"end":{"line":16,"column":5}},"9":{"start":{"line":14,"column":6},"end":{"line":14,"column":58}},"10":{"start":{"line":15,"column":6},"end":{"line":15,"column":13}},"11":{"start":{"line":17,"column":4},"end":{"line":17,"column":11}},"12":{"start":{"line":19,"column":4},"end":{"line":19,"column":63}},"13":{"start":{"line":23,"column":0},"end":{"line":23,"column":36}}},"fnMap":{"0":{"name":"(anonymous_0)","decl":{"start":{"line":8,"column":27},"end":{"line":8,"column":28}},"loc":{"start":{"line":8,"column":38},"end":{"line":21,"column":1}},"line":8},"1":{"name":"(anonymous_1)","decl":{"start":{"line":8,"column":38},"end":{"line":8,"column":39}},"loc":{"start":{"line":8,"column":58},"end":{"line":21,"column":1}},"line":8},"2":{"name":"(anonymous_2)","decl":{"start":{"line":12,"column":37},"end":{"line":12,"column":38}},"loc":{"start":{"line":12,"column":54},"end":{"line":12,"column":84}},"line":12}},"branchMap":{"0":{"loc":{"start":{"line":13,"column":4},"end":{"line":16,"column":5}},"type":"if","locations":[{"start":{"line":13,"column":4},"end":{"line":16,"column":5}},{"start":{},"end":{}}],"line":13}},"s":{"0":2,"1":2,"2":2,"3":0,"4":0,"5":0,"6":0,"7":0,"8":0,"9":0,"10":0,"11":0,"12":0,"13":2},"f":{"0":2,"1":0,"2":0},"b":{"0":[0,0]},"_coverageSchema":"1a1c01bbd47fc00a2c39e90264f33305004495a9","hash":"f9b99e140c73659713ef6ffc8f79c5735f3c7fa8"}
,"C:\\Users\\niico\\Desktop\\API_REST_NodeJS\\middleware\\sessionMiddleware.js": {"path":"C:\\Users\\niico\\Desktop\\API_REST_NodeJS\\middleware\\sessionMiddleware.js","statementMap":{"0":{"start":{"line":1,"column":25},"end":{"line":1,"column":67}},"1":{"start":{"line":2,"column":28},"end":{"line":2,"column":60}},"2":{"start":{"line":3,"column":23},"end":{"line":3,"column":43}},"3":{"start":{"line":4,"column":24},"end":{"line":4,"column":53}},"4":{"start":{"line":5,"column":22},"end":{"line":5,"column":40}},"5":{"start":{"line":18,"column":30},"end":{"line":43,"column":1}},"6":{"start":{"line":19,"column":2},"end":{"line":42,"column":3}},"7":{"start":{"line":20,"column":4},"end":{"line":23,"column":5}},"8":{"start":{"line":21,"column":6},"end":{"line":21,"column":57}},"9":{"start":{"line":22,"column":6},"end":{"line":22,"column":13}},"10":{"start":{"line":24,"column":18},"end":{"line":24,"column":60}},"11":{"start":{"line":25,"column":22},"end":{"line":25,"column":46}},"12":{"start":{"line":27,"column":4},"end":{"line":30,"column":5}},"13":{"start":{"line":28,"column":6},"end":{"line":28,"column":60}},"14":{"start":{"line":29,"column":6},"end":{"line":29,"column":13}},"15":{"start":{"line":32,"column":18},"end":{"line":34,"column":5}},"16":{"start":{"line":36,"column":17},"end":{"line":36,"column":48}},"17":{"start":{"line":37,"column":4},"end":{"line":37,"column":20}},"18":{"start":{"line":38,"column":4},"end":{"line":38,"column":11}},"19":{"start":{"line":41,"column":4},"end":{"line":41,"column":63}},"20":{"start":{"line":45,"column":0},"end":{"line":45,"column":39}}},"fnMap":{"0":{"name":"(anonymous_0)","decl":{"start":{"line":18,"column":30},"end":{"line":18,"column":31}},"loc":{"start":{"line":18,"column":56},"end":{"line":43,"column":1}},"line":18}},"branchMap":{"0":{"loc":{"start":{"line":20,"column":4},"end":{"line":23,"column":5}},"type":"if","locations":[{"start":{"line":20,"column":4},"end":{"line":23,"column":5}},{"start":{},"end":{}}],"line":20},"1":{"loc":{"start":{"line":27,"column":4},"end":{"line":30,"column":5}},"type":"if","locations":[{"start":{"line":27,"column":4},"end":{"line":30,"column":5}},{"start":{},"end":{}}],"line":27}},"s":{"0":2,"1":2,"2":2,"3":2,"4":2,"5":2,"6":0,"7":0,"8":0,"9":0,"10":0,"11":0,"12":0,"13":0,"14":0,"15":0,"16":0,"17":0,"18":0,"19":0,"20":2},"f":{"0":0},"b":{"0":[0,0],"1":[0,0]},"_coverageSchema":"1a1c01bbd47fc00a2c39e90264f33305004495a9","hash":"cf63e83555fe47119a8f0435dec2d18f785c385e"}
,"C:\\Users\\niico\\Desktop\\API_REST_NodeJS\\models\\index.js": {"path":"C:\\Users\\niico\\Desktop\\API_REST_NodeJS\\models\\index.js","statementMap":{"0":{"start":{"line":1,"column":18},"end":{"line":1,"column":39}},"1":{"start":{"line":2,"column":19},"end":{"line":2,"column":66}},"2":{"start":{"line":4,"column":15},"end":{"line":8,"column":1}},"3":{"start":{"line":10,"column":0},"end":{"line":10,"column":24}}},"fnMap":{},"branchMap":{"0":{"loc":{"start":{"line":2,"column":19},"end":{"line":2,"column":66}},"type":"cond-expr","locations":[{"start":{"line":2,"column":45},"end":{"line":2,"column":54}},{"start":{"line":2,"column":57},"end":{"line":2,"column":66}}],"line":2}},"s":{"0":2,"1":2,"2":2,"3":2},"f":{},"b":{"0":[2,0]},"_coverageSchema":"1a1c01bbd47fc00a2c39e90264f33305004495a9","hash":"d70834bc2f04d9923056deae794df6c7e29163e6"}
,"C:\\Users\\niico\\Desktop\\API_REST_NodeJS\\models\\nosql\\storage.js": {"path":"C:\\Users\\niico\\Desktop\\API_REST_NodeJS\\models\\nosql\\storage.js","statementMap":{"0":{"start":{"line":1,"column":17},"end":{"line":1,"column":36}},"1":{"start":{"line":2,"column":23},"end":{"line":2,"column":49}},"2":{"start":{"line":4,"column":22},"end":{"line":13,"column":1}},"3":{"start":{"line":15,"column":0},"end":{"line":15,"column":65}},"4":{"start":{"line":16,"column":0},"end":{"line":16,"column":58}}},"fnMap":{},"branchMap":{},"s":{"0":2,"1":2,"2":2,"3":2,"4":2},"f":{},"b":{},"_coverageSchema":"1a1c01bbd47fc00a2c39e90264f33305004495a9","hash":"8a716f76167b16fe94b0c3ae82da2b6dde5e5870"}
,"C:\\Users\\niico\\Desktop\\API_REST_NodeJS\\models\\nosql\\tracks.js": {"path":"C:\\Users\\niico\\Desktop\\API_REST_NodeJS\\models\\nosql\\tracks.js","statementMap":{"0":{"start":{"line":1,"column":17},"end":{"line":1,"column":36}},"1":{"start":{"line":2,"column":23},"end":{"line":2,"column":49}},"2":{"start":{"line":4,"column":21},"end":{"line":32,"column":1}},"3":{"start":{"line":12,"column":10},"end":{"line":12,"column":22}},"4":{"start":{"line":42,"column":0},"end":{"line":57,"column":2}},"5":{"start":{"line":43,"column":22},"end":{"line":55,"column":4}},"6":{"start":{"line":56,"column":2},"end":{"line":56,"column":21}},"7":{"start":{"line":64,"column":0},"end":{"line":84,"column":2}},"8":{"start":{"line":65,"column":22},"end":{"line":82,"column":4}},"9":{"start":{"line":83,"column":2},"end":{"line":83,"column":21}},"10":{"start":{"line":86,"column":0},"end":{"line":86,"column":64}},"11":{"start":{"line":87,"column":0},"end":{"line":87,"column":56}}},"fnMap":{"0":{"name":"(anonymous_0)","decl":{"start":{"line":11,"column":19},"end":{"line":11,"column":20}},"loc":{"start":{"line":11,"column":28},"end":{"line":13,"column":9}},"line":11},"1":{"name":"(anonymous_1)","decl":{"start":{"line":42,"column":35},"end":{"line":42,"column":36}},"loc":{"start":{"line":42,"column":46},"end":{"line":57,"column":1}},"line":42},"2":{"name":"(anonymous_2)","decl":{"start":{"line":64,"column":35},"end":{"line":64,"column":36}},"loc":{"start":{"line":64,"column":49},"end":{"line":84,"column":1}},"line":64}},"branchMap":{},"s":{"0":2,"1":2,"2":2,"3":0,"4":2,"5":0,"6":0,"7":2,"8":0,"9":0,"10":2,"11":2},"f":{"0":0,"1":0,"2":0},"b":{},"_coverageSchema":"1a1c01bbd47fc00a2c39e90264f33305004495a9","hash":"04fd2ff089c889753540a3786d096b477b18993a"}
,"C:\\Users\\niico\\Desktop\\API_REST_NodeJS\\models\\nosql\\users.js": {"path":"C:\\Users\\niico\\Desktop\\API_REST_NodeJS\\models\\nosql\\users.js","statementMap":{"0":{"start":{"line":1,"column":17},"end":{"line":1,"column":36}},"1":{"start":{"line":2,"column":23},"end":{"line":2,"column":49}},"2":{"start":{"line":4,"column":19},"end":{"line":16,"column":1}},"3":{"start":{"line":18,"column":0},"end":{"line":18,"column":62}},"4":{"start":{"line":19,"column":0},"end":{"line":19,"column":53}}},"fnMap":{},"branchMap":{},"s":{"0":2,"1":2,"2":2,"3":2,"4":2},"f":{},"b":{},"_coverageSchema":"1a1c01bbd47fc00a2c39e90264f33305004495a9","hash":"340c3d6971e81efd7f0d9a2a0f17652f350b59d7"}
,"C:\\Users\\niico\\Desktop\\API_REST_NodeJS\\routes\\auth.js": {"path":"C:\\Users\\niico\\Desktop\\API_REST_NodeJS\\routes\\auth.js","statementMap":{"0":{"start":{"line":1,"column":16},"end":{"line":1,"column":34}},"1":{"start":{"line":2,"column":36},"end":{"line":2,"column":67}},"2":{"start":{"line":3,"column":32},"end":{"line":3,"column":71}},"3":{"start":{"line":4,"column":23},"end":{"line":4,"column":62}},"4":{"start":{"line":5,"column":15},"end":{"line":5,"column":31}},"5":{"start":{"line":27,"column":0},"end":{"line":27,"column":60}},"6":{"start":{"line":53,"column":0},"end":{"line":53,"column":49}},"7":{"start":{"line":55,"column":0},"end":{"line":55,"column":24}}},"fnMap":{},"branchMap":{},"s":{"0":2,"1":2,"2":2,"3":2,"4":2,"5":2,"6":2,"7":2},"f":{},"b":{},"_coverageSchema":"1a1c01bbd47fc00a2c39e90264f33305004495a9","hash":"51f8a854b3d82be76a77349978635753171b6809"}
,"C:\\Users\\niico\\Desktop\\API_REST_NodeJS\\routes\\index.js": {"path":"C:\\Users\\niico\\Desktop\\API_REST_NodeJS\\routes\\index.js","statementMap":{"0":{"start":{"line":1,"column":16},"end":{"line":1,"column":34}},"1":{"start":{"line":2,"column":11},"end":{"line":2,"column":24}},"2":{"start":{"line":3,"column":15},"end":{"line":3,"column":31}},"3":{"start":{"line":5,"column":20},"end":{"line":5,"column":29}},"4":{"start":{"line":7,"column":24},"end":{"line":9,"column":1}},"5":{"start":{"line":8,"column":2},"end":{"line":8,"column":37}},"6":{"start":{"line":11,"column":0},"end":{"line":16,"column":3}},"7":{"start":{"line":12,"column":15},"end":{"line":12,"column":36}},"8":{"start":{"line":13,"column":2},"end":{"line":15,"column":3}},"9":{"start":{"line":14,"column":4},"end":{"line":14,"column":48}},"10":{"start":{"line":18,"column":0},"end":{"line":18,"column":24}}},"fnMap":{"0":{"name":"(anonymous_0)","decl":{"start":{"line":7,"column":24},"end":{"line":7,"column":25}},"loc":{"start":{"line":7,"column":38},"end":{"line":9,"column":1}},"line":7},"1":{"name":"(anonymous_1)","decl":{"start":{"line":11,"column":35},"end":{"line":11,"column":36}},"loc":{"start":{"line":11,"column":45},"end":{"line":16,"column":1}},"line":11}},"branchMap":{"0":{"loc":{"start":{"line":13,"column":2},"end":{"line":15,"column":3}},"type":"if","locations":[{"start":{"line":13,"column":2},"end":{"line":15,"column":3}},{"start":{},"end":{}}],"line":13}},"s":{"0":2,"1":2,"2":2,"3":2,"4":2,"5":10,"6":2,"7":10,"8":10,"9":8,"10":2},"f":{"0":10,"1":10},"b":{"0":[8,2]},"_coverageSchema":"1a1c01bbd47fc00a2c39e90264f33305004495a9","hash":"1adccdddd487dc930186a837f5c7bb05b53c7ffb"}
,"C:\\Users\\niico\\Desktop\\API_REST_NodeJS\\routes\\storage.js": {"path":"C:\\Users\\niico\\Desktop\\API_REST_NodeJS\\routes\\storage.js","statementMap":{"0":{"start":{"line":1,"column":16},"end":{"line":1,"column":34}},"1":{"start":{"line":2,"column":25},"end":{"line":2,"column":58}},"2":{"start":{"line":3,"column":20},"end":{"line":3,"column":56}},"3":{"start":{"line":4,"column":54},"end":{"line":4,"column":87}},"4":{"start":{"line":5,"column":15},"end":{"line":5,"column":31}},"5":{"start":{"line":36,"column":0},"end":{"line":36,"column":64}},"6":{"start":{"line":57,"column":0},"end":{"line":57,"column":26}},"7":{"start":{"line":85,"column":0},"end":{"line":85,"column":41}},"8":{"start":{"line":113,"column":0},"end":{"line":113,"column":47}},"9":{"start":{"line":115,"column":0},"end":{"line":115,"column":24}}},"fnMap":{},"branchMap":{},"s":{"0":2,"1":2,"2":2,"3":2,"4":2,"5":2,"6":2,"7":2,"8":2,"9":2},"f":{},"b":{},"_coverageSchema":"1a1c01bbd47fc00a2c39e90264f33305004495a9","hash":"c54aa410eac0677d4cba044903a9797b21b6ab76"}
,"C:\\Users\\niico\\Desktop\\API_REST_NodeJS\\routes\\tracks.js": {"path":"C:\\Users\\niico\\Desktop\\API_REST_NodeJS\\routes\\tracks.js","statementMap":{"0":{"start":{"line":1,"column":16},"end":{"line":1,"column":34}},"1":{"start":{"line":2,"column":69},"end":{"line":2,"column":101}},"2":{"start":{"line":3,"column":31},"end":{"line":3,"column":73}},"3":{"start":{"line":4,"column":27},"end":{"line":4,"column":65}},"4":{"start":{"line":5,"column":20},"end":{"line":5,"column":56}},"5":{"start":{"line":6,"column":33},"end":{"line":6,"column":72}},"6":{"start":{"line":7,"column":15},"end":{"line":7,"column":31}},"7":{"start":{"line":28,"column":0},"end":{"line":28,"column":49}},"8":{"start":{"line":56,"column":0},"end":{"line":56,"column":64}},"9":{"start":{"line":91,"column":0},"end":{"line":91,"column":90}},"10":{"start":{"line":120,"column":0},"end":{"line":120,"column":113}},"11":{"start":{"line":150,"column":0},"end":{"line":150,"column":71}},"12":{"start":{"line":152,"column":0},"end":{"line":152,"column":24}}},"fnMap":{},"branchMap":{},"s":{"0":2,"1":2,"2":2,"3":2,"4":2,"5":2,"6":2,"7":2,"8":2,"9":2,"10":2,"11":2,"12":2},"f":{},"b":{},"_coverageSchema":"1a1c01bbd47fc00a2c39e90264f33305004495a9","hash":"fce7869bd4d085cf5c008031710814263f1cdfd0"}
,"C:\\Users\\niico\\Desktop\\API_REST_NodeJS\\routes\\users.js": {"path":"C:\\Users\\niico\\Desktop\\API_REST_NodeJS\\routes\\users.js","statementMap":{"0":{"start":{"line":1,"column":16},"end":{"line":1,"column":34}},"1":{"start":{"line":2,"column":15},"end":{"line":2,"column":31}},"2":{"start":{"line":4,"column":0},"end":{"line":7,"column":3}},"3":{"start":{"line":5,"column":15},"end":{"line":5,"column":68}},"4":{"start":{"line":6,"column":2},"end":{"line":6,"column":17}},"5":{"start":{"line":9,"column":0},"end":{"line":9,"column":24}}},"fnMap":{"0":{"name":"(anonymous_0)","decl":{"start":{"line":4,"column":16},"end":{"line":4,"column":17}},"loc":{"start":{"line":4,"column":30},"end":{"line":7,"column":1}},"line":4}},"branchMap":{},"s":{"0":2,"1":2,"2":2,"3":0,"4":0,"5":2},"f":{"0":0},"b":{},"_coverageSchema":"1a1c01bbd47fc00a2c39e90264f33305004495a9","hash":"bae8b85c30273f9fa382d12777576251cd166547"}
,"C:\\Users\\niico\\Desktop\\API_REST_NodeJS\\utils\\handleEngineProperties.js": {"path":"C:\\Users\\niico\\Desktop\\API_REST_NodeJS\\utils\\handleEngineProperties.js","statementMap":{"0":{"start":{"line":1,"column":18},"end":{"line":1,"column":39}},"1":{"start":{"line":8,"column":25},"end":{"line":18,"column":1}},"2":{"start":{"line":9,"column":15},"end":{"line":16,"column":3}},"3":{"start":{"line":17,"column":2},"end":{"line":17,"column":25}},"4":{"start":{"line":20,"column":0},"end":{"line":20,"column":34}}},"fnMap":{"0":{"name":"(anonymous_0)","decl":{"start":{"line":8,"column":25},"end":{"line":8,"column":26}},"loc":{"start":{"line":8,"column":31},"end":{"line":18,"column":1}},"line":8}},"branchMap":{},"s":{"0":2,"1":2,"2":6,"3":6,"4":2},"f":{"0":6},"b":{},"_coverageSchema":"1a1c01bbd47fc00a2c39e90264f33305004495a9","hash":"2416d45fa7b910be30f9e5e2114464fc2695048b"}
,"C:\\Users\\niico\\Desktop\\API_REST_NodeJS\\utils\\handleErrors.js": {"path":"C:\\Users\\niico\\Desktop\\API_REST_NodeJS\\utils\\handleErrors.js","statementMap":{"0":{"start":{"line":7,"column":24},"end":{"line":10,"column":1}},"1":{"start":{"line":8,"column":2},"end":{"line":8,"column":19}},"2":{"start":{"line":9,"column":2},"end":{"line":9,"column":31}},"3":{"start":{"line":12,"column":0},"end":{"line":12,"column":39}}},"fnMap":{"0":{"name":"(anonymous_0)","decl":{"start":{"line":7,"column":24},"end":{"line":7,"column":25}},"loc":{"start":{"line":7,"column":48},"end":{"line":10,"column":1}},"line":7}},"branchMap":{},"s":{"0":2,"1":2,"2":2,"3":2},"f":{"0":2},"b":{},"_coverageSchema":"1a1c01bbd47fc00a2c39e90264f33305004495a9","hash":"159d203c514232181b05a206790123f650af0606"}
,"C:\\Users\\niico\\Desktop\\API_REST_NodeJS\\utils\\handleJwt.js": {"path":"C:\\Users\\niico\\Desktop\\API_REST_NodeJS\\utils\\handleJwt.js","statementMap":{"0":{"start":{"line":1,"column":25},"end":{"line":1,"column":67}},"1":{"start":{"line":2,"column":21},"end":{"line":2,"column":44}},"2":{"start":{"line":3,"column":19},"end":{"line":3,"column":41}},"3":{"start":{"line":4,"column":22},"end":{"line":4,"column":40}},"4":{"start":{"line":13,"column":18},"end":{"line":29,"column":1}},"5":{"start":{"line":14,"column":2},"end":{"line":28,"column":3}},"6":{"start":{"line":15,"column":17},"end":{"line":24,"column":5}},"7":{"start":{"line":25,"column":4},"end":{"line":25,"column":16}},"8":{"start":{"line":27,"column":4},"end":{"line":27,"column":33}},"9":{"start":{"line":37,"column":20},"end":{"line":43,"column":1}},"10":{"start":{"line":38,"column":2},"end":{"line":42,"column":3}},"11":{"start":{"line":39,"column":4},"end":{"line":39,"column":54}},"12":{"start":{"line":41,"column":4},"end":{"line":41,"column":35}},"13":{"start":{"line":45,"column":0},"end":{"line":45,"column":44}}},"fnMap":{"0":{"name":"(anonymous_0)","decl":{"start":{"line":13,"column":18},"end":{"line":13,"column":19}},"loc":{"start":{"line":13,"column":34},"end":{"line":29,"column":1}},"line":13},"1":{"name":"(anonymous_1)","decl":{"start":{"line":37,"column":20},"end":{"line":37,"column":21}},"loc":{"start":{"line":37,"column":35},"end":{"line":43,"column":1}},"line":37}},"branchMap":{},"s":{"0":2,"1":2,"2":2,"3":2,"4":2,"5":1,"6":1,"7":0,"8":1,"9":2,"10":0,"11":0,"12":0,"13":2},"f":{"0":1,"1":0},"b":{},"_coverageSchema":"1a1c01bbd47fc00a2c39e90264f33305004495a9","hash":"8b28a77d2fe420ea550eba2cd40f2c145a155a1b"}
,"C:\\Users\\niico\\Desktop\\API_REST_NodeJS\\utils\\handlePassword.js": {"path":"C:\\Users\\niico\\Desktop\\API_REST_NodeJS\\utils\\handlePassword.js","statementMap":{"0":{"start":{"line":1,"column":17},"end":{"line":1,"column":36}},"1":{"start":{"line":8,"column":24},"end":{"line":10,"column":1}},"2":{"start":{"line":9,"column":2},"end":{"line":9,"column":48}},"3":{"start":{"line":17,"column":24},"end":{"line":19,"column":1}},"4":{"start":{"line":18,"column":2},"end":{"line":18,"column":63}},"5":{"start":{"line":21,"column":0},"end":{"line":21,"column":54}}},"fnMap":{"0":{"name":"(anonymous_0)","decl":{"start":{"line":8,"column":24},"end":{"line":8,"column":25}},"loc":{"start":{"line":8,"column":49},"end":{"line":10,"column":1}},"line":8},"1":{"name":"(anonymous_1)","decl":{"start":{"line":17,"column":24},"end":{"line":17,"column":25}},"loc":{"start":{"line":17,"column":65},"end":{"line":19,"column":1}},"line":17}},"branchMap":{},"s":{"0":2,"1":2,"2":1,"3":2,"4":0,"5":2},"f":{"0":1,"1":0},"b":{},"_coverageSchema":"1a1c01bbd47fc00a2c39e90264f33305004495a9","hash":"2df0cc83d8d033f71b15a15d47a45305bb17f2d1"}
,"C:\\Users\\niico\\Desktop\\API_REST_NodeJS\\utils\\handleStorage.js": {"path":"C:\\Users\\niico\\Desktop\\API_REST_NodeJS\\utils\\handleStorage.js","statementMap":{"0":{"start":{"line":1,"column":15},"end":{"line":1,"column":32}},"1":{"start":{"line":9,"column":16},"end":{"line":19,"column":2}},"2":{"start":{"line":11,"column":24},"end":{"line":11,"column":49}},"3":{"start":{"line":12,"column":4},"end":{"line":12,"column":26}},"4":{"start":{"line":15,"column":26},"end":{"line":15,"column":60}},"5":{"start":{"line":16,"column":21},"end":{"line":16,"column":58}},"6":{"start":{"line":17,"column":4},"end":{"line":17,"column":23}},"7":{"start":{"line":24,"column":25},"end":{"line":24,"column":44}},"8":{"start":{"line":26,"column":0},"end":{"line":26,"column":34}}},"fnMap":{"0":{"name":"(anonymous_0)","decl":{"start":{"line":10,"column":15},"end":{"line":10,"column":16}},"loc":{"start":{"line":10,"column":40},"end":{"line":13,"column":3}},"line":10},"1":{"name":"(anonymous_1)","decl":{"start":{"line":14,"column":12},"end":{"line":14,"column":13}},"loc":{"start":{"line":14,"column":37},"end":{"line":18,"column":3}},"line":14}},"branchMap":{},"s":{"0":2,"1":2,"2":1,"3":1,"4":1,"5":1,"6":1,"7":2,"8":2},"f":{"0":1,"1":1},"b":{},"_coverageSchema":"1a1c01bbd47fc00a2c39e90264f33305004495a9","hash":"2d98a21e894e2620100be6df7f242e8cd6fb2ffb"}
,"C:\\Users\\niico\\Desktop\\API_REST_NodeJS\\utils\\handleValidator.js": {"path":"C:\\Users\\niico\\Desktop\\API_REST_NodeJS\\utils\\handleValidator.js","statementMap":{"0":{"start":{"line":1,"column":29},"end":{"line":1,"column":57}},"1":{"start":{"line":13,"column":23},"end":{"line":21,"column":1}},"2":{"start":{"line":14,"column":2},"end":{"line":20,"column":3}},"3":{"start":{"line":15,"column":4},"end":{"line":15,"column":34}},"4":{"start":{"line":16,"column":4},"end":{"line":16,"column":18}},"5":{"start":{"line":18,"column":4},"end":{"line":18,"column":20}},"6":{"start":{"line":19,"column":4},"end":{"line":19,"column":38}},"7":{"start":{"line":23,"column":0},"end":{"line":23,"column":32}}},"fnMap":{"0":{"name":"(anonymous_0)","decl":{"start":{"line":13,"column":23},"end":{"line":13,"column":24}},"loc":{"start":{"line":13,"column":43},"end":{"line":21,"column":1}},"line":13}},"branchMap":{},"s":{"0":2,"1":2,"2":4,"3":4,"4":4,"5":0,"6":0,"7":2},"f":{"0":4},"b":{},"_coverageSchema":"1a1c01bbd47fc00a2c39e90264f33305004495a9","hash":"1fd69a4703cade2f664814667118fafaaad4c17f"}
,"C:\\Users\\niico\\Desktop\\API_REST_NodeJS\\validators\\validatorId.js": {"path":"C:\\Users\\niico\\Desktop\\API_REST_NodeJS\\validators\\validatorId.js","statementMap":{"0":{"start":{"line":1,"column":18},"end":{"line":1,"column":46}},"1":{"start":{"line":2,"column":23},"end":{"line":2,"column":58}},"2":{"start":{"line":7,"column":20},"end":{"line":10,"column":1}},"3":{"start":{"line":9,"column":22},"end":{"line":9,"column":62}},"4":{"start":{"line":12,"column":0},"end":{"line":12,"column":29}}},"fnMap":{"0":{"name":"(anonymous_0)","decl":{"start":{"line":9,"column":2},"end":{"line":9,"column":3}},"loc":{"start":{"line":9,"column":22},"end":{"line":9,"column":62}},"line":9}},"branchMap":{},"s":{"0":2,"1":2,"2":2,"3":2,"4":2},"f":{"0":2},"b":{},"_coverageSchema":"1a1c01bbd47fc00a2c39e90264f33305004495a9","hash":"7f91a3b6b5e9154e8770e8a0819bb06a7206a67a"}
,"C:\\Users\\niico\\Desktop\\API_REST_NodeJS\\validators\\validatorLogin.js": {"path":"C:\\Users\\niico\\Desktop\\API_REST_NodeJS\\validators\\validatorLogin.js","statementMap":{"0":{"start":{"line":1,"column":18},"end":{"line":1,"column":46}},"1":{"start":{"line":2,"column":23},"end":{"line":2,"column":58}},"2":{"start":{"line":7,"column":23},"end":{"line":11,"column":1}},"3":{"start":{"line":10,"column":22},"end":{"line":10,"column":52}},"4":{"start":{"line":13,"column":0},"end":{"line":13,"column":32}}},"fnMap":{"0":{"name":"(anonymous_0)","decl":{"start":{"line":10,"column":2},"end":{"line":10,"column":3}},"loc":{"start":{"line":10,"column":22},"end":{"line":10,"column":52}},"line":10}},"branchMap":{},"s":{"0":2,"1":2,"2":2,"3":1,"4":2},"f":{"0":1},"b":{},"_coverageSchema":"1a1c01bbd47fc00a2c39e90264f33305004495a9","hash":"eae8e0691bed1386e7682e4725eb07f1830e3992"}
,"C:\\Users\\niico\\Desktop\\API_REST_NodeJS\\validators\\validatorModel.js": {"path":"C:\\Users\\niico\\Desktop\\API_REST_NodeJS\\validators\\validatorModel.js","statementMap":{"0":{"start":{"line":1,"column":18},"end":{"line":1,"column":46}},"1":{"start":{"line":2,"column":23},"end":{"line":2,"column":58}},"2":{"start":{"line":9,"column":29},"end":{"line":22,"column":1}},"3":{"start":{"line":21,"column":22},"end":{"line":21,"column":52}},"4":{"start":{"line":27,"column":28},"end":{"line":33,"column":1}},"5":{"start":{"line":32,"column":22},"end":{"line":32,"column":52}},"6":{"start":{"line":35,"column":0},"end":{"line":35,"column":63}}},"fnMap":{"0":{"name":"(anonymous_0)","decl":{"start":{"line":21,"column":2},"end":{"line":21,"column":3}},"loc":{"start":{"line":21,"column":22},"end":{"line":21,"column":52}},"line":21},"1":{"name":"(anonymous_1)","decl":{"start":{"line":32,"column":2},"end":{"line":32,"column":3}},"loc":{"start":{"line":32,"column":22},"end":{"line":32,"column":52}},"line":32}},"branchMap":{},"s":{"0":2,"1":2,"2":2,"3":0,"4":2,"5":1,"6":2},"f":{"0":0,"1":1},"b":{},"_coverageSchema":"1a1c01bbd47fc00a2c39e90264f33305004495a9","hash":"2f65f221f87c9022a954c68612d2580d77cea9ff"}
}
